App/build/intermediates/manifest_merge_blame_file/release/manifest-merger-blame-release-report.txt
1<?xml version="1.0" encoding="utf-8"?>
2<manifest xmlns:android="http://schemas.android.com/apk/res/android"
3    package="com.example.sweeperapp"
4    android:versionCode="1"
5    android:versionName="1.0" >
6
7    <uses-sdk
8        android:minSdkVersion="16"
8-->src\main\AndroidManifest.xml
9        android:targetSdkVersion="30" />
9-->src\main\AndroidManifest.xml
10
11    <!-- Although the *SdkVersion is captured in gradle build files, this is required for non gradle builds -->
12    <!-- <uses-sdk android:minSdkVersion="14"/> -->
13    <uses-permission android:name="android.permission.ACCESS_NETWORK_STATE" />
13-->[com.google.firebase:firebase-database:19.5.1] AndroidManifest.xml:25:5-79
13-->[com.google.firebase:firebase-database:19.5.1] AndroidManifest.xml:25:22-76
14    <uses-permission android:name="android.permission.INTERNET" />
14-->[com.google.firebase:firebase-database:19.5.1] AndroidManifest.xml:26:5-67
14-->[com.google.firebase:firebase-database:19.5.1] AndroidManifest.xml:26:22-64
15
16    <application
16-->src\main\AndroidManifest.xml:5:5-23:19
17        android:allowBackup="true"
17-->src\main\AndroidManifest.xml:6:9-35
18        android:appComponentFactory="androidx.core.app.CoreComponentFactory"
18-->[androidx.core:core:1.3.1] AndroidManifest.xml:24:18-86
19        android:icon="@mipmap/ic_launcher"
19-->src\main\AndroidManifest.xml:7:9-43
20        android:label="@string/app_name"
20-->src\main\AndroidManifest.xml:8:9-41
21        android:roundIcon="@mipmap/ic_launcher_round"
21-->src\main\AndroidManifest.xml:9:9-54
22        android:supportsRtl="true"
22-->src\main\AndroidManifest.xml:10:9-35
23        android:theme="@style/Theme.SweeperApp" >
23-->src\main\AndroidManifest.xml:11:9-48
24        <activity android:name="com.example.sweeperapp.UpdateData" />
24-->src\main\AndroidManifest.xml:12:9-57
24-->src\main\AndroidManifest.xml:12:19-45
25        <activity android:name="com.example.sweeperapp.Dashboard" />
25-->src\main\AndroidManifest.xml:13:9-47
25-->src\main\AndroidManifest.xml:13:19-44
26        <activity android:name="com.example.sweeperapp.SignUp" />
26-->src\main\AndroidManifest.xml:14:9-44
26-->src\main\AndroidManifest.xml:14:19-41
27        <activity android:name="com.example.sweeperapp.SignIn" />
27-->src\main\AndroidManifest.xml:15:9-44
27-->src\main\AndroidManifest.xml:15:19-41
28        <activity android:name="com.example.sweeperapp.MainActivity" >
28-->src\main\AndroidManifest.xml:16:9-22:20
28-->src\main\AndroidManifest.xml:16:19-47
29            <intent-filter>
29-->src\main\AndroidManifest.xml:17:13-21:29
30                <action android:name="android.intent.action.MAIN" />
30-->src\main\AndroidManifest.xml:18:17-69
30-->src\main\AndroidManifest.xml:18:25-66
31
32                <category android:name="android.intent.category.LAUNCHER" />
32-->src\main\AndroidManifest.xml:20:17-77
32-->src\main\AndroidManifest.xml:20:27-74
33            </intent-filter>
34        </activity>
35
36        <service
36-->[com.google.firebase:firebase-database:19.5.1] AndroidManifest.xml:29:9-35:19
37            android:name="com.google.firebase.components.ComponentDiscoveryService"
37-->[com.google.firebase:firebase-database:19.5.1] AndroidManifest.xml:30:13-84
38            android:directBootAware="true"
38-->[com.google.firebase:firebase-common:19.4.0] AndroidManifest.xml:35:13-43
39            android:exported="false" >
39-->[com.google.firebase:firebase-database:19.5.1] AndroidManifest.xml:31:13-37
40            <meta-data
40-->[com.google.firebase:firebase-database:19.5.1] AndroidManifest.xml:32:13-34:85
41                android:name="com.google.firebase.components:com.google.firebase.database.DatabaseRegistrar"
41-->[com.google.firebase:firebase-database:19.5.1] AndroidManifest.xml:33:17-109
42                android:value="com.google.firebase.components.ComponentRegistrar" />
42-->[com.google.firebase:firebase-database:19.5.1] AndroidManifest.xml:34:17-82
43            <meta-data
43-->[com.google.firebase:firebase-auth:20.0.1] AndroidManifest.xml:77:13-79:85
44                android:name="com.google.firebase.components:com.google.firebase.auth.FirebaseAuthRegistrar"
44-->[com.google.firebase:firebase-auth:20.0.1] AndroidManifest.xml:78:17-109
45                android:value="com.google.firebase.components.ComponentRegistrar" />
45-->[com.google.firebase:firebase-auth:20.0.1] AndroidManifest.xml:79:17-82
46        </service>
47
48        <activity
48-->[com.google.firebase:firebase-auth:20.0.1] AndroidManifest.xml:27:9-44:20
49            android:name="com.google.firebase.auth.internal.GenericIdpActivity"
49-->[com.google.firebase:firebase-auth:20.0.1] AndroidManifest.xml:28:13-80
50            android:excludeFromRecents="true"
50-->[com.google.firebase:firebase-auth:20.0.1] AndroidManifest.xml:29:13-46
51            android:exported="true"
51-->[com.google.firebase:firebase-auth:20.0.1] AndroidManifest.xml:30:13-36
52            android:launchMode="singleTask"
52-->[com.google.firebase:firebase-auth:20.0.1] AndroidManifest.xml:31:13-44
53            android:theme="@android:style/Theme.Translucent.NoTitleBar" >
53-->[com.google.firebase:firebase-auth:20.0.1] AndroidManifest.xml:32:13-72
54            <intent-filter>
54-->[com.google.firebase:firebase-auth:20.0.1] AndroidManifest.xml:33:13-43:29
55                <action android:name="android.intent.action.VIEW" />
55-->[com.google.firebase:firebase-auth:20.0.1] AndroidManifest.xml:34:17-69
55-->[com.google.firebase:firebase-auth:20.0.1] AndroidManifest.xml:34:25-66
56
57                <category android:name="android.intent.category.DEFAULT" />
57-->[com.google.firebase:firebase-auth:20.0.1] AndroidManifest.xml:36:17-76
57-->[com.google.firebase:firebase-auth:20.0.1] AndroidManifest.xml:36:27-73
58                <category android:name="android.intent.category.BROWSABLE" />
58-->[com.google.firebase:firebase-auth:20.0.1] AndroidManifest.xml:37:17-78
58-->[com.google.firebase:firebase-auth:20.0.1] AndroidManifest.xml:37:27-75
59
60                <data
60-->[com.google.firebase:firebase-auth:20.0.1] AndroidManifest.xml:39:17-42:51
61                    android:host="firebase.auth"
61-->[com.google.firebase:firebase-auth:20.0.1] AndroidManifest.xml:40:21-49
62                    android:path="/"
62-->[com.google.firebase:firebase-auth:20.0.1] AndroidManifest.xml:41:21-37
63                    android:scheme="genericidp" />
63-->[com.google.firebase:firebase-auth:20.0.1] AndroidManifest.xml:42:21-48
64            </intent-filter>
65        </activity>
66        <activity
66-->[com.google.firebase:firebase-auth:20.0.1] AndroidManifest.xml:45:9-62:20
67            android:name="com.google.firebase.auth.internal.RecaptchaActivity"
67-->[com.google.firebase:firebase-auth:20.0.1] AndroidManifest.xml:46:13-79
68            android:excludeFromRecents="true"
68-->[com.google.firebase:firebase-auth:20.0.1] AndroidManifest.xml:47:13-46
69            android:exported="true"
69-->[com.google.firebase:firebase-auth:20.0.1] AndroidManifest.xml:48:13-36
70            android:launchMode="singleTask"
70-->[com.google.firebase:firebase-auth:20.0.1] AndroidManifest.xml:49:13-44
71            android:theme="@android:style/Theme.Translucent.NoTitleBar" >
71-->[com.google.firebase:firebase-auth:20.0.1] AndroidManifest.xml:50:13-72
72            <intent-filter>
72-->[com.google.firebase:firebase-auth:20.0.1] AndroidManifest.xml:51:13-61:29
73                <action android:name="android.intent.action.VIEW" />
73-->[com.google.firebase:firebase-auth:20.0.1] AndroidManifest.xml:34:17-69
73-->[com.google.firebase:firebase-auth:20.0.1] AndroidManifest.xml:34:25-66
74
75                <category android:name="android.intent.category.DEFAULT" />
75-->[com.google.firebase:firebase-auth:20.0.1] AndroidManifest.xml:36:17-76
75-->[com.google.firebase:firebase-auth:20.0.1] AndroidManifest.xml:36:27-73
76                <category android:name="android.intent.category.BROWSABLE" />
76-->[com.google.firebase:firebase-auth:20.0.1] AndroidManifest.xml:37:17-78
76-->[com.google.firebase:firebase-auth:20.0.1] AndroidManifest.xml:37:27-75
77
78                <data
78-->[com.google.firebase:firebase-auth:20.0.1] AndroidManifest.xml:39:17-42:51
79                    android:host="firebase.auth"
79-->[com.google.firebase:firebase-auth:20.0.1] AndroidManifest.xml:40:21-49
80                    android:path="/"
80-->[com.google.firebase:firebase-auth:20.0.1] AndroidManifest.xml:41:21-37
81                    android:scheme="recaptcha" />
81-->[com.google.firebase:firebase-auth:20.0.1] AndroidManifest.xml:42:21-48
82            </intent-filter>
83        </activity>
84
85        <service
85-->[com.google.firebase:firebase-auth:20.0.1] AndroidManifest.xml:64:9-73:19
86            android:name="com.google.firebase.auth.api.fallback.service.FirebaseAuthFallbackService"
86-->[com.google.firebase:firebase-auth:20.0.1] AndroidManifest.xml:65:13-101
87            android:enabled="true"
87-->[com.google.firebase:firebase-auth:20.0.1] AndroidManifest.xml:66:13-35
88            android:exported="false" >
88-->[com.google.firebase:firebase-auth:20.0.1] AndroidManifest.xml:67:13-37
89            <intent-filter>
89-->[com.google.firebase:firebase-auth:20.0.1] AndroidManifest.xml:68:13-72:29
90                <action android:name="com.google.firebase.auth.api.gms.service.START" />
90-->[com.google.firebase:firebase-auth:20.0.1] AndroidManifest.xml:69:17-89
90-->[com.google.firebase:firebase-auth:20.0.1] AndroidManifest.xml:69:25-86
91
92                <category android:name="android.intent.category.DEFAULT" />
92-->[com.google.firebase:firebase-auth:20.0.1] AndroidManifest.xml:36:17-76
92-->[com.google.firebase:firebase-auth:20.0.1] AndroidManifest.xml:36:27-73
93            </intent-filter>
94        </service>
95
96        <activity
96-->[com.google.android.gms:play-services-base:17.1.0] AndroidManifest.xml:23:9-26:75
97            android:name="com.google.android.gms.common.api.GoogleApiActivity"
97-->[com.google.android.gms:play-services-base:17.1.0] AndroidManifest.xml:24:13-79
98            android:exported="false"
98-->[com.google.android.gms:play-services-base:17.1.0] AndroidManifest.xml:25:13-37
99            android:theme="@android:style/Theme.Translucent.NoTitleBar" />
99-->[com.google.android.gms:play-services-base:17.1.0] AndroidManifest.xml:26:13-72
100
101        <provider
101-->[com.google.firebase:firebase-common:19.4.0] AndroidManifest.xml:26:9-31:39
102            android:name="com.google.firebase.provider.FirebaseInitProvider"
102-->[com.google.firebase:firebase-common:19.4.0] AndroidManifest.xml:27:13-77
103            android:authorities="com.example.sweeperapp.firebaseinitprovider"
103-->[com.google.firebase:firebase-common:19.4.0] AndroidManifest.xml:28:13-72
104            android:directBootAware="true"
104-->[com.google.firebase:firebase-common:19.4.0] AndroidManifest.xml:29:13-43
105            android:exported="false"
105-->[com.google.firebase:firebase-common:19.4.0] AndroidManifest.xml:30:13-37
106            android:initOrder="100" />
106-->[com.google.firebase:firebase-common:19.4.0] AndroidManifest.xml:31:13-36
107
108        <meta-data
108-->[com.google.android.gms:play-services-basement:17.1.0] AndroidManifest.xml:23:9-25:69
109            android:name="com.google.android.gms.version"
109-->[com.google.android.gms:play-services-basement:17.1.0] AndroidManifest.xml:24:13-58
110            android:value="@integer/google_play_services_version" />
110-->[com.google.android.gms:play-services-basement:17.1.0] AndroidManifest.xml:25:13-66
111    </application>
112
113</manifest>